2021-03-03 17:32:52.686  INFO 8532 --- [main] c.l.cast.imaging.CastImagingApplication  : Starting CastImagingApplication using Java 14.0.2 on LTI-WVD-PERS143 with PID 8532 (C:\Users\10643380\git\castimagingextration\target\classes started by 10643380 in C:\Users\10643380\git\castimagingextration)
2021-03-03 17:32:52.703 DEBUG 8532 --- [main] c.l.cast.imaging.CastImagingApplication  : Running with Spring Boot v2.4.2, Spring v5.3.3
2021-03-03 17:32:52.703  INFO 8532 --- [main] c.l.cast.imaging.CastImagingApplication  : No active profile set, falling back to default profiles: default
2021-03-03 17:32:56.450  INFO 8532 --- [main] o.s.b.w.embedded.tomcat.TomcatWebServer  : Tomcat initialized with port(s): 9090 (http)
2021-03-03 17:32:56.467  INFO 8532 --- [main] o.apache.catalina.core.StandardService   : Starting service [Tomcat]
2021-03-03 17:32:56.468  INFO 8532 --- [main] org.apache.catalina.core.StandardEngine  : Starting Servlet engine: [Apache Tomcat/9.0.41]
2021-03-03 17:32:56.683  INFO 8532 --- [main] o.a.c.c.C.[Tomcat].[localhost].[/]       : Initializing Spring embedded WebApplicationContext
2021-03-03 17:32:56.684  INFO 8532 --- [main] w.s.c.ServletWebServerApplicationContext : Root WebApplicationContext: initialization completed in 3715 ms
2021-03-03 17:32:59.474  INFO 8532 --- [main] o.s.s.concurrent.ThreadPoolTaskExecutor  : Initializing ExecutorService 'applicationTaskExecutor'
2021-03-03 17:33:00.508  INFO 8532 --- [main] o.s.b.w.embedded.tomcat.TomcatWebServer  : Tomcat started on port(s): 9090 (http) with context path ''
2021-03-03 17:33:00.527  INFO 8532 --- [main] c.l.cast.imaging.CastImagingApplication  : Started CastImagingApplication in 9.035 seconds (JVM running for 23.07)
2021-03-03 17:38:12.254  INFO 8532 --- [http-nio-9090-exec-1] o.a.c.c.C.[Tomcat].[localhost].[/]       : Initializing Spring DispatcherServlet 'dispatcherServlet'
2021-03-03 17:38:12.255  INFO 8532 --- [http-nio-9090-exec-1] o.s.web.servlet.DispatcherServlet        : Initializing Servlet 'dispatcherServlet'
2021-03-03 17:38:12.257  INFO 8532 --- [http-nio-9090-exec-1] o.s.web.servlet.DispatcherServlet        : Completed initialization in 2 ms
2021-03-03 17:38:12.333 DEBUG 8532 --- [http-nio-9090-exec-1] com.lti.cast.imaging.aop.ImagingAspect   : Enter: com.lti.cast.imaging.controller.CastController.generateAuthorizationToken()
2021-03-03 17:38:12.354 DEBUG 8532 --- [http-nio-9090-exec-1] com.lti.cast.imaging.aop.ImagingAspect   : Enter: com.lti.cast.imaging.services.CastImagingService.genrateToken()
2021-03-03 17:38:14.107 DEBUG 8532 --- [http-nio-9090-exec-1] com.lti.cast.imaging.aop.ImagingAspect   : Exit: com.lti.cast.imaging.services.CastImagingService.genrateToken() with result = Bearer eyJhbGciOiJIUzUxMiJ9.eyJzdWIiOiJhZG1pbiIsImF1dGhvcml0aWVzIjpbXSwiaWF0IjoxNjE0NzcyNzA2LCJleHAiOjE2MTQ3OTA3MDZ9.6qn8zTqMDo65ip0Rb_BlGjz6E6uzdlOWsYJWMEOoEaxyHRFsv-a3qUtvBueQaAXgpzzd-GhjOH1kcVfQxKsQOQ
2021-03-03 17:38:14.107 DEBUG 8532 --- [http-nio-9090-exec-1] com.lti.cast.imaging.aop.ImagingAspect   : Enter: com.lti.cast.imaging.services.CastImagingService.levelExtration()
2021-03-03 17:38:22.079 DEBUG 8532 --- [http-nio-9090-exec-1] com.lti.cast.imaging.aop.ImagingAspect   : Enter: com.lti.cast.imaging.util.ImagingServiceUtil.generateXlsFiles()
2021-03-03 17:38:25.048 DEBUG 8532 --- [http-nio-9090-exec-1] com.lti.cast.imaging.aop.ImagingAspect   : Exit: com.lti.cast.imaging.util.ImagingServiceUtil.generateXlsFiles() with result = null
2021-03-03 17:38:25.048 DEBUG 8532 --- [http-nio-9090-exec-1] com.lti.cast.imaging.aop.ImagingAspect   : Enter: com.lti.cast.imaging.util.ImagingServiceUtil.generateXlsFiles()
2021-03-03 17:38:26.255 DEBUG 8532 --- [http-nio-9090-exec-1] com.lti.cast.imaging.aop.ImagingAspect   : Exit: com.lti.cast.imaging.util.ImagingServiceUtil.generateXlsFiles() with result = null
2021-03-03 17:38:26.256 DEBUG 8532 --- [http-nio-9090-exec-1] com.lti.cast.imaging.aop.ImagingAspect   : Exit: com.lti.cast.imaging.services.CastImagingService.levelExtration() with result = ApnaBank
2021-03-03 17:38:26.256 DEBUG 8532 --- [http-nio-9090-exec-1] com.lti.cast.imaging.aop.ImagingAspect   : Exit: com.lti.cast.imaging.controller.CastController.generateAuthorizationToken() with result = <200 OK OK,
 Level and External Level Extration file Download for application :ApnaBank,[]>
2021-03-03 17:40:42.601 DEBUG 8532 --- [http-nio-9090-exec-4] com.lti.cast.imaging.aop.ImagingAspect   : Enter: com.lti.cast.imaging.controller.CastController.generateAuthorizationToken()
2021-03-03 17:40:42.601 DEBUG 8532 --- [http-nio-9090-exec-4] com.lti.cast.imaging.aop.ImagingAspect   : Enter: com.lti.cast.imaging.services.CastImagingService.genrateToken()
2021-03-03 17:40:43.445 DEBUG 8532 --- [http-nio-9090-exec-4] com.lti.cast.imaging.aop.ImagingAspect   : Exit: com.lti.cast.imaging.services.CastImagingService.genrateToken() with result = Bearer eyJhbGciOiJIUzUxMiJ9.eyJzdWIiOiJhZG1pbiIsImF1dGhvcml0aWVzIjpbXSwiaWF0IjoxNjE0NzcyODU1LCJleHAiOjE2MTQ3OTA4NTV9.UgTB8TgqHwE1FSe6euaXMcoUDqy6oht7WduEVP2re5HT-Rlc6r0bBCuJPgJI8T9v4aCgFZMgutDDl6Wa862geQ
2021-03-03 17:40:43.446 DEBUG 8532 --- [http-nio-9090-exec-4] com.lti.cast.imaging.aop.ImagingAspect   : Enter: com.lti.cast.imaging.services.CastImagingService.levelExtration()
2021-03-03 17:40:51.632 DEBUG 8532 --- [http-nio-9090-exec-4] com.lti.cast.imaging.aop.ImagingAspect   : Enter: com.lti.cast.imaging.util.ImagingServiceUtil.generateXlsFiles()
2021-03-03 17:40:51.699 DEBUG 8532 --- [http-nio-9090-exec-4] com.lti.cast.imaging.aop.ImagingAspect   : Exit: com.lti.cast.imaging.util.ImagingServiceUtil.generateXlsFiles() with result = null
2021-03-03 17:40:51.699 DEBUG 8532 --- [http-nio-9090-exec-4] com.lti.cast.imaging.aop.ImagingAspect   : Enter: com.lti.cast.imaging.util.ImagingServiceUtil.generateXlsFiles()
2021-03-03 17:40:52.609 DEBUG 8532 --- [http-nio-9090-exec-4] com.lti.cast.imaging.aop.ImagingAspect   : Exit: com.lti.cast.imaging.util.ImagingServiceUtil.generateXlsFiles() with result = null
2021-03-03 17:40:52.610 DEBUG 8532 --- [http-nio-9090-exec-4] com.lti.cast.imaging.aop.ImagingAspect   : Exit: com.lti.cast.imaging.services.CastImagingService.levelExtration() with result = ApnaBank
2021-03-03 17:40:52.611 DEBUG 8532 --- [http-nio-9090-exec-4] com.lti.cast.imaging.aop.ImagingAspect   : Exit: com.lti.cast.imaging.controller.CastController.generateAuthorizationToken() with result = <200 OK OK,
 Level and External Level Extration file Download for application :ApnaBank,[]>
2021-03-03 18:45:40.626  INFO 5956 --- [main] c.l.cast.imaging.CastImagingApplication  : Starting CastImagingApplication using Java 14.0.2 on LTI-WVD-PERS143 with PID 5956 (C:\Users\10643380\git\castimagingextration\target\classes started by 10643380 in C:\Users\10643380\git\castimagingextration)
2021-03-03 18:45:40.631 DEBUG 5956 --- [main] c.l.cast.imaging.CastImagingApplication  : Running with Spring Boot v2.4.2, Spring v5.3.3
2021-03-03 18:45:40.631  INFO 5956 --- [main] c.l.cast.imaging.CastImagingApplication  : No active profile set, falling back to default profiles: default
2021-03-03 18:45:54.048  INFO 5956 --- [main] o.s.b.w.embedded.tomcat.TomcatWebServer  : Tomcat initialized with port(s): 9090 (http)
2021-03-03 18:45:54.096  INFO 5956 --- [main] o.apache.catalina.core.StandardService   : Starting service [Tomcat]
2021-03-03 18:45:54.096  INFO 5956 --- [main] org.apache.catalina.core.StandardEngine  : Starting Servlet engine: [Apache Tomcat/9.0.41]
2021-03-03 18:45:54.859  INFO 5956 --- [main] o.a.c.c.C.[Tomcat].[localhost].[/]       : Initializing Spring embedded WebApplicationContext
2021-03-03 18:45:54.860  INFO 5956 --- [main] w.s.c.ServletWebServerApplicationContext : Root WebApplicationContext: initialization completed in 13956 ms
2021-03-03 18:46:04.042  INFO 12672 --- [main] c.l.cast.imaging.CastImagingApplication  : Starting CastImagingApplication using Java 14.0.2 on LTI-WVD-PERS143 with PID 12672 (C:\Users\10643380\git\castimagingextration\target\classes started by 10643380 in C:\Users\10643380\git\castimagingextration)
2021-03-03 18:46:04.046 DEBUG 12672 --- [main] c.l.cast.imaging.CastImagingApplication  : Running with Spring Boot v2.4.2, Spring v5.3.3
2021-03-03 18:46:04.046  INFO 12672 --- [main] c.l.cast.imaging.CastImagingApplication  : No active profile set, falling back to default profiles: default
2021-03-03 18:46:17.358  INFO 12672 --- [main] o.s.b.w.embedded.tomcat.TomcatWebServer  : Tomcat initialized with port(s): 9090 (http)
2021-03-03 18:46:17.376  INFO 12672 --- [main] o.apache.catalina.core.StandardService   : Starting service [Tomcat]
2021-03-03 18:46:17.376  INFO 12672 --- [main] org.apache.catalina.core.StandardEngine  : Starting Servlet engine: [Apache Tomcat/9.0.41]
2021-03-03 18:46:17.770  INFO 12672 --- [main] o.a.c.c.C.[Tomcat].[localhost].[/]       : Initializing Spring embedded WebApplicationContext
2021-03-03 18:46:17.771  INFO 12672 --- [main] w.s.c.ServletWebServerApplicationContext : Root WebApplicationContext: initialization completed in 7067 ms
2021-03-03 18:46:18.925  INFO 5956 --- [main] o.s.s.concurrent.ThreadPoolTaskExecutor  : Initializing ExecutorService 'applicationTaskExecutor'
2021-03-03 18:46:19.818  INFO 5956 --- [main] o.s.b.w.embedded.tomcat.TomcatWebServer  : Tomcat started on port(s): 9090 (http) with context path ''
2021-03-03 18:46:19.836  INFO 5956 --- [main] c.l.cast.imaging.CastImagingApplication  : Started CastImagingApplication in 41.112 seconds (JVM running for 49.301)
2021-03-03 18:46:20.801  INFO 12672 --- [main] o.s.s.concurrent.ThreadPoolTaskExecutor  : Initializing ExecutorService 'applicationTaskExecutor'
2021-03-03 18:46:21.496  WARN 12672 --- [main] ConfigServletWebServerApplicationContext : Exception encountered during context initialization - cancelling refresh attempt: org.springframework.context.ApplicationContextException: Failed to start bean 'webServerStartStop'; nested exception is org.springframework.boot.web.server.PortInUseException: Port 9090 is already in use
2021-03-03 18:46:21.497  INFO 12672 --- [main] o.s.s.concurrent.ThreadPoolTaskExecutor  : Shutting down ExecutorService 'applicationTaskExecutor'
2021-03-03 18:46:21.504  INFO 12672 --- [main] o.apache.catalina.core.StandardService   : Stopping service [Tomcat]
2021-03-03 18:46:21.537  INFO 12672 --- [main] ConditionEvaluationReportLoggingListener : 

Error starting ApplicationContext. To display the conditions report re-run your application with 'debug' enabled.
2021-03-03 18:46:21.615 ERROR 12672 --- [main] o.s.b.d.LoggingFailureAnalysisReporter   : 

***************************
APPLICATION FAILED TO START
***************************

Description:

Web server failed to start. Port 9090 was already in use.

Action:

Identify and stop the process that's listening on port 9090 or configure this application to listen on another port.

2021-03-03 18:46:51.062  INFO 8012 --- [main] c.l.cast.imaging.CastImagingApplication  : Starting CastImagingApplication using Java 14.0.2 on LTI-WVD-PERS143 with PID 8012 (C:\Users\10643380\git\castimagingextration\target\classes started by 10643380 in C:\Users\10643380\git\castimagingextration)
2021-03-03 18:46:51.065 DEBUG 8012 --- [main] c.l.cast.imaging.CastImagingApplication  : Running with Spring Boot v2.4.2, Spring v5.3.3
2021-03-03 18:46:51.066  INFO 8012 --- [main] c.l.cast.imaging.CastImagingApplication  : No active profile set, falling back to default profiles: default
2021-03-03 18:46:55.743  INFO 8012 --- [main] o.s.b.w.embedded.tomcat.TomcatWebServer  : Tomcat initialized with port(s): 9090 (http)
2021-03-03 18:46:55.759  INFO 8012 --- [main] o.apache.catalina.core.StandardService   : Starting service [Tomcat]
2021-03-03 18:46:55.760  INFO 8012 --- [main] org.apache.catalina.core.StandardEngine  : Starting Servlet engine: [Apache Tomcat/9.0.41]
2021-03-03 18:46:56.065  INFO 8012 --- [main] o.a.c.c.C.[Tomcat].[localhost].[/]       : Initializing Spring embedded WebApplicationContext
2021-03-03 18:46:56.065  INFO 8012 --- [main] w.s.c.ServletWebServerApplicationContext : Root WebApplicationContext: initialization completed in 4577 ms
2021-03-03 18:46:57.724  INFO 8012 --- [main] o.s.s.concurrent.ThreadPoolTaskExecutor  : Initializing ExecutorService 'applicationTaskExecutor'
2021-03-03 18:46:58.620  INFO 8012 --- [main] o.s.b.w.embedded.tomcat.TomcatWebServer  : Tomcat started on port(s): 9090 (http) with context path ''
2021-03-03 18:46:58.673  INFO 8012 --- [main] c.l.cast.imaging.CastImagingApplication  : Started CastImagingApplication in 8.795 seconds (JVM running for 9.755)
2021-03-03 18:46:58.794  INFO 8012 --- [http-nio-9090-exec-1] o.a.c.c.C.[Tomcat].[localhost].[/]       : Initializing Spring DispatcherServlet 'dispatcherServlet'
2021-03-03 18:46:58.795  INFO 8012 --- [http-nio-9090-exec-1] o.s.web.servlet.DispatcherServlet        : Initializing Servlet 'dispatcherServlet'
2021-03-03 18:46:58.798  INFO 8012 --- [http-nio-9090-exec-1] o.s.web.servlet.DispatcherServlet        : Completed initialization in 3 ms
2021-03-03 18:46:58.895 DEBUG 8012 --- [http-nio-9090-exec-1] com.lti.cast.imaging.aop.ImagingAspect   : Enter: com.lti.cast.imaging.controller.CastController.generateAuthorizationToken()
2021-03-03 18:46:58.921 DEBUG 8012 --- [http-nio-9090-exec-1] com.lti.cast.imaging.aop.ImagingAspect   : Enter: com.lti.cast.imaging.services.CastImagingService.genrateToken()
2021-03-03 18:47:00.186 DEBUG 8012 --- [http-nio-9090-exec-1] com.lti.cast.imaging.aop.ImagingAspect   : Exit: com.lti.cast.imaging.services.CastImagingService.genrateToken() with result = Bearer eyJhbGciOiJIUzUxMiJ9.eyJzdWIiOiJhZG1pbiIsImF1dGhvcml0aWVzIjpbXSwiaWF0IjoxNjE0Nzc2ODMyLCJleHAiOjE2MTQ3OTQ4MzJ9.ZOs9U9sL6bfH_qLMkfbo6-PIfxg_B35x95EmJ5tzkvl7HPrT42EKm_rEWA2e464MOU_lrFFdDOEsZaGFSZQ_aQ
2021-03-03 18:47:00.186 DEBUG 8012 --- [http-nio-9090-exec-1] com.lti.cast.imaging.aop.ImagingAspect   : Enter: com.lti.cast.imaging.services.CastImagingService.levelExtration()
2021-03-03 18:47:07.477 DEBUG 8012 --- [http-nio-9090-exec-1] com.lti.cast.imaging.aop.ImagingAspect   : Enter: com.lti.cast.imaging.util.ImagingServiceUtil.generateXlsFiles()
2021-03-03 18:47:09.104 DEBUG 8012 --- [http-nio-9090-exec-1] com.lti.cast.imaging.aop.ImagingAspect   : Exit: com.lti.cast.imaging.util.ImagingServiceUtil.generateXlsFiles() with result = null
2021-03-03 18:47:09.105 DEBUG 8012 --- [http-nio-9090-exec-1] com.lti.cast.imaging.aop.ImagingAspect   : Enter: com.lti.cast.imaging.util.ImagingServiceUtil.generateXlsFiles()
2021-03-03 18:47:10.035 DEBUG 8012 --- [http-nio-9090-exec-1] com.lti.cast.imaging.aop.ImagingAspect   : Exit: com.lti.cast.imaging.util.ImagingServiceUtil.generateXlsFiles() with result = null
2021-03-03 18:47:10.035 DEBUG 8012 --- [http-nio-9090-exec-1] com.lti.cast.imaging.aop.ImagingAspect   : Exit: com.lti.cast.imaging.services.CastImagingService.levelExtration() with result = ApnaBank
2021-03-03 18:47:10.036 DEBUG 8012 --- [http-nio-9090-exec-1] com.lti.cast.imaging.aop.ImagingAspect   : Exit: com.lti.cast.imaging.controller.CastController.generateAuthorizationToken() with result = <200 OK OK,
 Component and Component mapping data extraction file download for Application : ApnaBank,[]>
